<?xml version="1.0" encoding="UTF-8"?>
<testsuite xmlns:xsi="http://www.w3.org/2001/XMLSchema-instance" xsi:noNamespaceSchemaLocation="https://maven.apache.org/surefire/maven-surefire-plugin/xsd/surefire-test-report-3.0.xsd" version="3.0" name="jar.BookshelfTest" time="0.033" tests="11" errors="0" skipped="0" failures="0">
  <properties>
[...]
</properties>
  <testcase name="should_haveTwoBooksWhenTwoBooksAdded" classname="jar.BookshelfTest" time="0"/>
  <testcase name="should_notAddABookThatAlreadyExists" classname="jar.BookshelfTest" time="0"/>
  <testcase name="should_throwAnExceptionWhenModifyBooksReturned" classname="jar.BookshelfTest" time="0"/>
  <testcase name="should_notAlterOriginalOrderAfterArranging" classname="jar.BookshelfTest" time="0"/>
  <testcase name="should_groupByProvidedCriteria" classname="jar.BookshelfTest" time="0.003"/>
  <testcase name="should_containAddedBooks" classname="jar.BookshelfTest" time="0.003"/>
  <testcase name="should_beEmptyWhenAddHasNoBooks" classname="jar.BookshelfTest" time="0.002"/>
  <testcase name="should_groupBooksByYear" classname="jar.BookshelfTest" time="0.002"/>
  <testcase name="should_beEmptyWhenNoBooksAdded" classname="jar.BookshelfTest" time="0.003"/>
  <testcase name="should_sortByAuthor" classname="jar.BookshelfTest" time="0.004"/>
  <testcase name="should_arrangeBooksByTitle" classname="jar.BookshelfTest" time="0.002"/>
</testsuite>